<?xml version="1.0" encoding="UTF-8"?>
<!-- Generated by org.testng.reporters.JUnitReportReporter -->
<testsuite hostname="DESKTOP-5NNPIJ7" failures="0" tests="5" name="firstProjectAutomationJulay.magentoWebSiteProject" time="20.841" errors="0" timestamp="2024-08-15T01:04:20 EET" skipped="4">
  <testcase classname="firstProjectAutomationJulay.magentoWebSiteProject" name="addWomenItem" time="20.841"/>
  <system-out/>
  <testcase classname="firstProjectAutomationJulay.magentoWebSiteProject" name="loginTest">
    <skipped/>
  </testcase> <!-- loginTest -->
  <system-out/>
  <testcase classname="firstProjectAutomationJulay.magentoWebSiteProject" name="logOut">
    <skipped/>
  </testcase> <!-- logOut -->
  <system-out/>
  <testcase classname="firstProjectAutomationJulay.magentoWebSiteProject" name="CreateAnAccount">
    <skipped/>
  </testcase> <!-- CreateAnAccount -->
  <system-out/>
  <testcase classname="firstProjectAutomationJulay.magentoWebSiteProject" name="addMenItem">
    <skipped/>
  </testcase> <!-- addMenItem -->
  <system-out/>
</testsuite> <!-- firstProjectAutomationJulay.magentoWebSiteProject -->
