<?xml version="1.0" encoding="UTF-8"?>
<!-- Generated by org.testng.reporters.JUnitReportReporter -->
<testsuite hostname="DESKTOP-5NNPIJ7" failures="0" tests="1" name="firstProjectAutomationJulay.MyFirstTest" time="12.435" errors="0" timestamp="2024-07-29T17:59:41 EET" skipped="0">
  <testcase classname="firstProjectAutomationJulay.MyFirstTest" name="myFirstTest" time="12.435"/>
  <system-out/>
</testsuite> <!-- firstProjectAutomationJulay.MyFirstTest -->
