<?xml version="1.0" encoding="UTF-8"?>
<!-- Generated by org.testng.reporters.JUnitReportReporter -->
<testsuite hostname="DESKTOP-5NNPIJ7" failures="0" tests="3" name="firstProjectAutomationJulay.SwaglabProject" time="7.512" errors="0" timestamp="2024-08-15T01:00:20 EET" skipped="0">
  <testcase classname="firstProjectAutomationJulay.SwaglabProject" name="loginTest" time="1.837"/>
  <system-out/>
  <testcase classname="firstProjectAutomationJulay.SwaglabProject" name="addtoCartAllItems" time="3.482"/>
  <system-out/>
  <testcase classname="firstProjectAutomationJulay.SwaglabProject" name="removeElements" time="2.193"/>
  <system-out/>
</testsuite> <!-- firstProjectAutomationJulay.SwaglabProject -->
