<?xml version="1.0" encoding="UTF-8"?>
<!-- Generated by org.testng.reporters.JUnitReportReporter -->
<testsuite hostname="DESKTOP-5NNPIJ7" failures="0" tests="3" name="firstProjectAutomationJulay.MySecondTest" time="16.885" errors="0" timestamp="2024-07-29T16:58:07 EET" skipped="0">
  <testcase classname="firstProjectAutomationJulay.MySecondTest" name="addToCart" time="6.851"/>
  <system-out/>
  <testcase classname="firstProjectAutomationJulay.MySecondTest" name="removeElements" time="5.976"/>
  <system-out/>
  <testcase classname="firstProjectAutomationJulay.MySecondTest" name="ATest" time="4.058"/>
  <system-out/>
</testsuite> <!-- firstProjectAutomationJulay.MySecondTest -->
